STARTING AT Fri Dec 20 12:11:51 PM CET 2024
Slurm Job Id SLURM_ARRAY_JOB_ID is 29861865

                            < M A T L A B (R) >
                  Copyright 1984-2024 The MathWorks, Inc.
             R2024a Update 1 (24.1.0.2568132) 64-bit (glnxa64)
                               March 28, 2024

 
To get started, type doc.
For product information, visit www.mathworks.com.
 

c = 

 Local Cluster

    Properties: 

                   Profile: Processes
                  Modified: false
                      Host: jbm011
                NumWorkers: 72
                NumThreads: 1

        JobStorageLocation: /home/zhang2/.matlab/local_cluster_jobs/R2024a
   RequiresOnlineLicensing: false
   PreferredPoolNumWorkers: Inf

    Associated Jobs: 

            Number Pending: 0
             Number Queued: 6
            Number Running: 0
           Number Finished: 0

Starting parallel pool (parpool) using the 'Processes' profile ...
20-Dec-2024 12:16:06: Job Queued. Waiting for parallel pool job with ID 7 to start ...
20-Dec-2024 12:17:06: Job Queued. Waiting for parallel pool job with ID 7 to start ...
Connected to parallel pool with 72 workers.

c = 

 Local Cluster

    Properties: 

                   Profile: Processes
                  Modified: true
                      Host: jbm011
                NumWorkers: 72
                NumThreads: 1

        JobStorageLocation: /scratch/zhang2/test_zhe/29861871
   RequiresOnlineLicensing: false
   PreferredPoolNumWorkers: Inf

    Associated Jobs: 

            Number Pending: 0
             Number Queued: 0
            Number Running: 0
           Number Finished: 0

Elapsed time is 155.606151 seconds.
Parallel pool using the 'Processes' profile is shutting down.
FINISHED at Fri Dec 20 12:20:47 PM CET 2024
